<?xml version="1.0" encoding="UTF-8"?>
<!-- Generated by org.testng.reporters.JUnitReportReporter -->
<testsuite hostname="1VXKX33" failures="0" tests="2" name="testcase.basware.InstanceLocationTest" time="32.154" errors="0" timestamp="2022-09-23T12:13:21 IST" skipped="0">
  <testcase classname="testcase.basware.InstanceLocationTest" name="validateInstanceEntered" time="10.110"/>
  <system-out>
    <![CDATA[Instance is entered Successfully]]>
  </system-out>
  <testcase classname="testcase.basware.InstanceLocationTest" name="validateLogin" time="22.044"/>
  <system-out>
    <![CDATA[Used logged in Successfully]]>
  </system-out>
</testsuite> <!-- testcase.basware.InstanceLocationTest -->
