<?xml version="1.0" encoding="UTF-8"?>
<!-- Generated by org.testng.reporters.JUnitReportReporter -->
<testsuite hostname="1VXKX33" failures="0" tests="1" name="testcases.basware.TC_001_Verify_Login_Functionality_is_Working_Fine" time="28.523" errors="0" timestamp="2022-12-14T14:35:41 IST" skipped="0">
  <testcase classname="testcases.basware.TC_001_Verify_Login_Functionality_is_Working_Fine" name="validateLoginFunctionality" time="28.523"/>
  <system-out>
    <![CDATA[validateLoginFunctionality method in class testcases.basware.TC_001_Verify_Login_Functionality_is_Working_Fine is running successfully
<a target="_blank" href="screenshots/null">Screenshot Captured</a>
<br><a  target='_blank' href="screenshots/null" ><img height=200, width=200, src="screenshots/null" alt=""/></img></a>]]>
  </system-out>
</testsuite> <!-- testcases.basware.TC_001_Verify_Login_Functionality_is_Working_Fine -->
