<?xml version="1.0" encoding="UTF-8"?>
<!-- Generated by org.testng.reporters.JUnitReportReporter -->
<testsuite hostname="1VXKX33" failures="0" tests="1" name="testcase.basware.Test_Android_basware_properties" time="0.008" errors="0" timestamp="2022-09-19T14:46:04 IST" skipped="0">
  <testcase classname="testcase.basware.Test_Android_basware_properties" name="testAndroidbaswareproperties" time="0.008"/>
  <system-out/>
</testsuite> <!-- testcase.basware.Test_Android_basware_properties -->
