<?xml version="1.0" encoding="UTF-8"?>
<!-- Generated by org.testng.reporters.JUnitReportReporter -->
<testsuite hostname="1VXKX33" failures="0" tests="1" name="rough.Two_Test_getAndroidDriver" time="10.788" errors="0" timestamp="2022-09-20T15:05:14 IST" skipped="0">
  <testcase classname="rough.Two_Test_getAndroidDriver" name="getAndroidDriver" time="10.788"/>
  <system-out/>
</testsuite> <!-- rough.Two_Test_getAndroidDriver -->
