<?xml version="1.0" encoding="UTF-8"?>
<!-- Generated by org.testng.reporters.JUnitReportReporter -->
<testsuite hostname="1VXKX33" failures="0" tests="1" name="testcases.basware.TC_002_Verify_Search_Items_from_Search_Catalog" time="28.042" errors="0" timestamp="2022-12-20T13:26:55 IST" skipped="0">
  <testcase classname="testcases.basware.TC_002_Verify_Search_Items_from_Search_Catalog" name="searchItemFromSearch" time="28.042"/>
  <system-out/>
</testsuite> <!-- testcases.basware.TC_002_Verify_Search_Items_from_Search_Catalog -->
