<?xml version="1.0" encoding="UTF-8"?>
<!-- Generated by org.testng.reporters.JUnitReportReporter -->
<testsuite hostname="1VXKX33" failures="0" tests="3" name="testcases.basware.LoginTest" time="37.520" errors="0" timestamp="2022-09-23T15:35:25 IST" skipped="0">
  <testcase classname="testcases.basware.LoginTest" name="validateInstanceEntered" time="10.132"/>
  <system-out>
    <![CDATA[Instance is entered Successfully
validateInstanceEntered method in class testcases.basware.LoginTest is running successfully]]>
  </system-out>
  <testcase classname="testcases.basware.LoginTest" name="validateLogin" time="21.956"/>
  <system-out>
    <![CDATA[Login functionality is working fine
validateLogin method in class testcases.basware.LoginTest is running successfully]]>
  </system-out>
  <testcase classname="testcases.basware.LoginTest" name="validateLoggedInScreen" time="5.432"/>
  <system-out>
    <![CDATA[User is logged in successfully and display name is showing correctly
validateLoggedInScreen method in class testcases.basware.LoginTest is running successfully]]>
  </system-out>
</testsuite> <!-- testcases.basware.LoginTest -->
