<?xml version="1.0" encoding="UTF-8"?>
<!-- Generated by org.testng.reporters.JUnitReportReporter -->
<testsuite hostname="1VXKX33" failures="0" tests="1" name="rough.Test_Android_basware_properties" time="0.006" errors="0" timestamp="2022-09-20T10:22:05 IST" skipped="0">
  <testcase classname="rough.Test_Android_basware_properties" name="testAndroidbaswareproperties" time="0.006"/>
  <system-out/>
</testsuite> <!-- rough.Test_Android_basware_properties -->
