<?xml version="1.0" encoding="UTF-8"?>
<!-- Generated by org.testng.reporters.JUnitReportReporter -->
<testsuite hostname="1VXKX33" failures="0" tests="1" name="testcase.basware.InstanceTest" time="30.334" errors="0" timestamp="2022-09-21T16:55:40 IST" skipped="0">
  <testcase classname="testcase.basware.InstanceTest" name="testInstance" time="30.334"/>
  <system-out/>
</testsuite> <!-- testcase.basware.InstanceTest -->
