<?xml version="1.0" encoding="UTF-8"?>
<!-- Generated by org.testng.reporters.JUnitReportReporter -->
<testsuite hostname="1VXKX33" failures="0" tests="1" name="testcases.basware.TC_002_Verify_that_User_is_able_to_Search_Items_from_Search_Catalog" time="25.062" errors="0" timestamp="2022-12-14T14:35:41 IST" skipped="0">
  <testcase classname="testcases.basware.TC_002_Verify_that_User_is_able_to_Search_Items_from_Search_Catalog" name="searchItemFromSearch" time="25.062"/>
  <system-out>
    <![CDATA[<a target="_blank" href="screenshots/null">Screenshot Captured</a>
<br><a  target='_blank' href="screenshots/null" ><img height=200, width=200, src="screenshots/null" alt=""/></img></a>]]>
  </system-out>
</testsuite> <!-- testcases.basware.TC_002_Verify_that_User_is_able_to_Search_Items_from_Search_Catalog -->
