<?xml version="1.0" encoding="UTF-8"?>
<!-- Generated by org.testng.reporters.JUnitReportReporter -->
<testsuite hostname="1VXKX33" failures="0" tests="1" name="testcases.basware.TC_001_Verify_Login_Functionality" time="32.914" errors="0" timestamp="2022-12-20T13:26:55 IST" skipped="0">
  <testcase classname="testcases.basware.TC_001_Verify_Login_Functionality" name="validateLoginFunctionality" time="32.914"/>
  <system-out>
    <![CDATA[validateLoginFunctionality method in class testcases.basware.TC_001_Verify_Login_Functionality is not running successfully]]>
  </system-out>
</testsuite> <!-- testcases.basware.TC_001_Verify_Login_Functionality -->
